Starting client...
npm install

added 332 packages, and audited 333 packages in 6s

136 packages are looking for funding
  run `npm fund` for details

found 0 vulnerabilities
npm run dev

> cthulhu-client@0.1.0 dev
> next dev --turbopack

   ▲ Next.js 15.5.4 (Turbopack)
   - Local:        http://localhost:3000
   - Network:      http://192.168.1.88:3000
   - Environments: .env.local

 ✓ Starting...
 ✓ Ready in 698ms
 ○ Compiling / ...
 ✓ Compiled / in 2.3s
 ⚠ Unsupported metadata viewport is configured in metadata export in /. Please move it to viewport export instead.
Read more: https://nextjs.org/docs/app/api-reference/functions/generate-viewport
 GET / 200 in 2552ms
 ✓ Compiled /files/[id] in 174ms
 ⚠ Unsupported metadata viewport is configured in metadata export in /files/[id]. Please move it to viewport export instead.
Read more: https://nextjs.org/docs/app/api-reference/functions/generate-viewport
 GET /files/zhsjzec31i 200 in 544ms
