Starting gateway...
go mod tidy
Installing air for hot reloading...

  __    _   ___  
 / /\  | | | |_) 
/_/--\ |_| |_| \_ v1.63.0, built with Go go1.25.1

mkdir /Users/edgarcoime/Documents/bscacs/cthulhu/code/Cthulhu/sprint1/gateway/tmp
watching cmd
watching cmd/api
watching internal
watching internal/pkg
watching pkg
!exclude tmp
building...
running...

 ┌───────────────────────────────────────────────────┐ 
 │                   Fiber v2.52.9                   │ 
 │               http://127.0.0.1:4000               │ 
 │       (bound on host 0.0.0.0 and port 4000)       │ 
 │                                                   │ 
 │ Handlers ............. 9  Processes ........... 1 │ 
 │ Prefork ....... Disabled  PID ............. 64396 │ 
 └───────────────────────────────────────────────────┘ 

 2025-10-12 02:35:01,64396 - 127.0.0.1:52900 - 200 POST /upload
 2025-10-12 02:35:14,64396 - 127.0.0.1:52900 - 200 GET /files/zhsjzec31i
cmd/api/main.go has changed
building...
running...

 ┌───────────────────────────────────────────────────┐ 
 │                   Fiber v2.52.9                   │ 
 │               http://127.0.0.1:4000               │ 
 │       (bound on host 0.0.0.0 and port 4000)       │ 
 │                                                   │ 
 │ Handlers ............. 9  Processes ........... 1 │ 
 │ Prefork ....... Disabled  PID ............. 70912 │ 
 └───────────────────────────────────────────────────┘ 

cmd/api/main.go has changed
building...
running...

 ┌───────────────────────────────────────────────────┐ 
 │                   Fiber v2.52.9                   │ 
 │               http://127.0.0.1:4000               │ 
 │       (bound on host 0.0.0.0 and port 4000)       │ 
 │                                                   │ 
 │ Handlers ............. 9  Processes ........... 1 │ 
 │ Prefork ....... Disabled  PID ............. 71119 │ 
 └───────────────────────────────────────────────────┘ 

cmd/api/main.go has changed
building...
running...

 ┌───────────────────────────────────────────────────┐ 
 │                   Fiber v2.52.9                   │ 
 │               http://127.0.0.1:4000               │ 
 │       (bound on host 0.0.0.0 and port 4000)       │ 
 │                                                   │ 
 │ Handlers ............. 9  Processes ........... 1 │ 
 │ Prefork ....... Disabled  PID ............. 74609 │ 
 └───────────────────────────────────────────────────┘ 

cmd/api/main.go has changed
building...
# command-line-arguments
cmd/api/main.go:34:2: declared and not used: ctx
cmd/api/main.go:34:7: declared and not used: cancer
failed to build, error: exit status 1
running...

 ┌───────────────────────────────────────────────────┐ 
 │                   Fiber v2.52.9                   │ 
 │               http://127.0.0.1:4000               │ 
 │       (bound on host 0.0.0.0 and port 4000)       │ 
 │                                                   │ 
 │ Handlers ............. 9  Processes ........... 1 │ 
 │ Prefork ....... Disabled  PID ............. 77045 │ 
 └───────────────────────────────────────────────────┘ 

cmd/api/main.go has changed
building...
running...

 ┌───────────────────────────────────────────────────┐ 
 │                   Fiber v2.52.9                   │ 
 │               http://127.0.0.1:4000               │ 
 │       (bound on host 0.0.0.0 and port 4000)       │ 
 │                                                   │ 
 │ Handlers ............. 9  Processes ........... 1 │ 
 │ Prefork ....... Disabled  PID ............. 83102 │ 
 └───────────────────────────────────────────────────┘ 

watching internal/handlers
watching internal/routes
internal/handlers/file.go has changed
building...
running...

 ┌───────────────────────────────────────────────────┐ 
 │                   Fiber v2.52.9                   │ 
 │               http://127.0.0.1:4000               │ 
 │       (bound on host 0.0.0.0 and port 4000)       │ 
 │                                                   │ 
 │ Handlers ............. 9  Processes ........... 1 │ 
 │ Prefork ....... Disabled  PID ............. 87044 │ 
 └───────────────────────────────────────────────────┘ 

cmd/api/main.go has changed
building...
running...

 ┌───────────────────────────────────────────────────┐ 
 │                   Fiber v2.52.9                   │ 
 │               http://127.0.0.1:4000               │ 
 │       (bound on host 0.0.0.0 and port 4000)       │ 
 │                                                   │ 
 │ Handlers ............. 9  Processes ........... 1 │ 
 │ Prefork ....... Disabled  PID ............. 88481 │ 
 └───────────────────────────────────────────────────┘ 

internal/handlers/file.go has changed
building...
running...

 ┌───────────────────────────────────────────────────┐ 
 │                   Fiber v2.52.9                   │ 
 │               http://127.0.0.1:4000               │ 
 │       (bound on host 0.0.0.0 and port 4000)       │ 
 │                                                   │ 
 │ Handlers ............. 9  Processes ........... 1 │ 
 │ Prefork ....... Disabled  PID ............. 89587 │ 
 └───────────────────────────────────────────────────┘ 

internal/handlers/file.go has changed
building...
running...

 ┌───────────────────────────────────────────────────┐ 
 │                   Fiber v2.52.9                   │ 
 │               http://127.0.0.1:4000               │ 
 │       (bound on host 0.0.0.0 and port 4000)       │ 
 │                                                   │ 
 │ Handlers ............. 9  Processes ........... 1 │ 
 │ Prefork ....... Disabled  PID ............. 91521 │ 
 └───────────────────────────────────────────────────┘ 

watching pkg/file
pkg/file/service.go has changed
building...
running...

 ┌───────────────────────────────────────────────────┐ 
 │                   Fiber v2.52.9                   │ 
 │               http://127.0.0.1:4000               │ 
 │       (bound on host 0.0.0.0 and port 4000)       │ 
 │                                                   │ 
 │ Handlers ............. 9  Processes ........... 1 │ 
 │ Prefork ....... Disabled  PID ............. 91981 │ 
 └───────────────────────────────────────────────────┘ 

pkg/file/service.go has changed
building...
running...

 ┌───────────────────────────────────────────────────┐ 
 │                   Fiber v2.52.9                   │ 
 │               http://127.0.0.1:4000               │ 
 │       (bound on host 0.0.0.0 and port 4000)       │ 
 │                                                   │ 
 │ Handlers ............. 9  Processes ........... 1 │ 
 │ Prefork ....... Disabled  PID ............. 92864 │ 
 └───────────────────────────────────────────────────┘ 

pkg/file/service.go has changed
building...
running...

 ┌───────────────────────────────────────────────────┐ 
 │                   Fiber v2.52.9                   │ 
 │               http://127.0.0.1:4000               │ 
 │       (bound on host 0.0.0.0 and port 4000)       │ 
 │                                                   │ 
 │ Handlers ............. 9  Processes ........... 1 │ 
 │ Prefork ....... Disabled  PID ............. 93044 │ 
 └───────────────────────────────────────────────────┘ 

pkg/file/repository.go has changed
building...
running...

 ┌───────────────────────────────────────────────────┐ 
 │                   Fiber v2.52.9                   │ 
 │               http://127.0.0.1:4000               │ 
 │       (bound on host 0.0.0.0 and port 4000)       │ 
 │                                                   │ 
 │ Handlers ............. 9  Processes ........... 1 │ 
 │ Prefork ....... Disabled  PID ............. 93468 │ 
 └───────────────────────────────────────────────────┘ 

pkg/file/repository.go has changed
building...
running...

 ┌───────────────────────────────────────────────────┐ 
 │                   Fiber v2.52.9                   │ 
 │               http://127.0.0.1:4000               │ 
 │       (bound on host 0.0.0.0 and port 4000)       │ 
 │                                                   │ 
 │ Handlers ............. 9  Processes ........... 1 │ 
 │ Prefork ....... Disabled  PID ............. 94087 │ 
 └───────────────────────────────────────────────────┘ 

pkg/file/repository.go has changed
building...
running...

 ┌───────────────────────────────────────────────────┐ 
 │                   Fiber v2.52.9                   │ 
 │               http://127.0.0.1:4000               │ 
 │       (bound on host 0.0.0.0 and port 4000)       │ 
 │                                                   │ 
 │ Handlers ............. 9  Processes ........... 1 │ 
 │ Prefork ....... Disabled  PID ............. 94484 │ 
 └───────────────────────────────────────────────────┘ 

pkg/file/service.go has changed
building...
running...

 ┌───────────────────────────────────────────────────┐ 
 │                   Fiber v2.52.9                   │ 
 │               http://127.0.0.1:4000               │ 
 │       (bound on host 0.0.0.0 and port 4000)       │ 
 │                                                   │ 
 │ Handlers ............. 9  Processes ........... 1 │ 
 │ Prefork ....... Disabled  PID ............. 94586 │ 
 └───────────────────────────────────────────────────┘ 

pkg/file/repository.go has changed
building...
running...

 ┌───────────────────────────────────────────────────┐ 
 │                   Fiber v2.52.9                   │ 
 │               http://127.0.0.1:4000               │ 
 │       (bound on host 0.0.0.0 and port 4000)       │ 
 │                                                   │ 
 │ Handlers ............. 9  Processes ........... 1 │ 
 │ Prefork ....... Disabled  PID ............. 94661 │ 
 └───────────────────────────────────────────────────┘ 

internal/routes/file.go has changed
building...
running...

 ┌───────────────────────────────────────────────────┐ 
 │                   Fiber v2.52.9                   │ 
 │               http://127.0.0.1:4000               │ 
 │       (bound on host 0.0.0.0 and port 4000)       │ 
 │                                                   │ 
 │ Handlers ............. 9  Processes ........... 1 │ 
 │ Prefork ....... Disabled  PID ............. 95013 │ 
 └───────────────────────────────────────────────────┘ 

internal/routes/file.go has changed
building...
running...

 ┌───────────────────────────────────────────────────┐ 
 │                   Fiber v2.52.9                   │ 
 │               http://127.0.0.1:4000               │ 
 │       (bound on host 0.0.0.0 and port 4000)       │ 
 │                                                   │ 
 │ Handlers ............. 9  Processes ........... 1 │ 
 │ Prefork ....... Disabled  PID ............. 95979 │ 
 └───────────────────────────────────────────────────┘ 

internal/routes/file.go has changed
building...
running...

 ┌───────────────────────────────────────────────────┐ 
 │                   Fiber v2.52.9                   │ 
 │               http://127.0.0.1:4000               │ 
 │       (bound on host 0.0.0.0 and port 4000)       │ 
 │                                                   │ 
 │ Handlers ............. 9  Processes ........... 1 │ 
 │ Prefork ....... Disabled  PID .............. 2479 │ 
 └───────────────────────────────────────────────────┘ 

internal/pkg/env.go has changed
building...
running...

 ┌───────────────────────────────────────────────────┐ 
 │                   Fiber v2.52.9                   │ 
 │               http://127.0.0.1:4000               │ 
 │       (bound on host 0.0.0.0 and port 4000)       │ 
 │                                                   │ 
 │ Handlers ............. 9  Processes ........... 1 │ 
 │ Prefork ....... Disabled  PID .............. 2665 │ 
 └───────────────────────────────────────────────────┘ 

internal/pkg/env.go has changed
building...
running...

 ┌───────────────────────────────────────────────────┐ 
 │                   Fiber v2.52.9                   │ 
 │               http://127.0.0.1:4000               │ 
 │       (bound on host 0.0.0.0 and port 4000)       │ 
 │                                                   │ 
 │ Handlers ............. 9  Processes ........... 1 │ 
 │ Prefork ....... Disabled  PID .............. 3350 │ 
 └───────────────────────────────────────────────────┘ 

internal/pkg/env.go has changed
building...
running...

 ┌───────────────────────────────────────────────────┐ 
 │                   Fiber v2.52.9                   │ 
 │               http://127.0.0.1:4000               │ 
 │       (bound on host 0.0.0.0 and port 4000)       │ 
 │                                                   │ 
 │ Handlers ............. 9  Processes ........... 1 │ 
 │ Prefork ....... Disabled  PID .............. 4405 │ 
 └───────────────────────────────────────────────────┘ 

internal/pkg/env.go has changed
building...
running...

 ┌───────────────────────────────────────────────────┐ 
 │                   Fiber v2.52.9                   │ 
 │               http://127.0.0.1:4000               │ 
 │       (bound on host 0.0.0.0 and port 4000)       │ 
 │                                                   │ 
 │ Handlers ............. 9  Processes ........... 1 │ 
 │ Prefork ....... Disabled  PID .............. 4614 │ 
 └───────────────────────────────────────────────────┘ 

internal/pkg/env.go has changed
building...
running...

 ┌───────────────────────────────────────────────────┐ 
 │                   Fiber v2.52.9                   │ 
 │               http://127.0.0.1:4000               │ 
 │       (bound on host 0.0.0.0 and port 4000)       │ 
 │                                                   │ 
 │ Handlers ............. 9  Processes ........... 1 │ 
 │ Prefork ....... Disabled  PID .............. 6331 │ 
 └───────────────────────────────────────────────────┘ 

internal/pkg/env.go has changed
building...
running...

 ┌───────────────────────────────────────────────────┐ 
 │                   Fiber v2.52.9                   │ 
 │               http://127.0.0.1:4000               │ 
 │       (bound on host 0.0.0.0 and port 4000)       │ 
 │                                                   │ 
 │ Handlers ............. 9  Processes ........... 1 │ 
 │ Prefork ....... Disabled  PID .............. 6395 │ 
 └───────────────────────────────────────────────────┘ 

internal/pkg/env.go has changed
building...
running...

 ┌───────────────────────────────────────────────────┐ 
 │                   Fiber v2.52.9                   │ 
 │               http://127.0.0.1:4000               │ 
 │       (bound on host 0.0.0.0 and port 4000)       │ 
 │                                                   │ 
 │ Handlers ............. 9  Processes ........... 1 │ 
 │ Prefork ....... Disabled  PID .............. 6462 │ 
 └───────────────────────────────────────────────────┘ 

internal/pkg/env.go has changed
building...
running...

 ┌───────────────────────────────────────────────────┐ 
 │                   Fiber v2.52.9                   │ 
 │               http://127.0.0.1:4000               │ 
 │       (bound on host 0.0.0.0 and port 4000)       │ 
 │                                                   │ 
 │ Handlers ............. 9  Processes ........... 1 │ 
 │ Prefork ....... Disabled  PID .............. 6540 │ 
 └───────────────────────────────────────────────────┘ 

internal/pkg/env.go has changed
building...
running...

 ┌───────────────────────────────────────────────────┐ 
 │                   Fiber v2.52.9                   │ 
 │               http://127.0.0.1:4000               │ 
 │       (bound on host 0.0.0.0 and port 4000)       │ 
 │                                                   │ 
 │ Handlers ............. 9  Processes ........... 1 │ 
 │ Prefork ....... Disabled  PID .............. 6615 │ 
 └───────────────────────────────────────────────────┘ 

internal/pkg/env.go has changed
building...
running...

 ┌───────────────────────────────────────────────────┐ 
 │                   Fiber v2.52.9                   │ 
 │               http://127.0.0.1:4000               │ 
 │       (bound on host 0.0.0.0 and port 4000)       │ 
 │                                                   │ 
 │ Handlers ............. 9  Processes ........... 1 │ 
 │ Prefork ....... Disabled  PID .............. 6693 │ 
 └───────────────────────────────────────────────────┘ 

internal/pkg/env.go has changed
building...
running...

 ┌───────────────────────────────────────────────────┐ 
 │                   Fiber v2.52.9                   │ 
 │               http://127.0.0.1:4000               │ 
 │       (bound on host 0.0.0.0 and port 4000)       │ 
 │                                                   │ 
 │ Handlers ............. 9  Processes ........... 1 │ 
 │ Prefork ....... Disabled  PID .............. 7103 │ 
 └───────────────────────────────────────────────────┘ 

cmd/api/main.go has changed
building...
# command-line-arguments
cmd/api/main.go:50:17: invalid use of recover (built-in) in selector expression
failed to build, error: exit status 1
running...

 ┌───────────────────────────────────────────────────┐ 
 │                   Fiber v2.52.9                   │ 
 │               http://127.0.0.1:4000               │ 
 │       (bound on host 0.0.0.0 and port 4000)       │ 
 │                                                   │ 
 │ Handlers ............. 9  Processes ........... 1 │ 
 │ Prefork ....... Disabled  PID .............. 7886 │ 
 └───────────────────────────────────────────────────┘ 

cmd/api/main.go has changed
building...
running...

 ┌───────────────────────────────────────────────────┐ 
 │                   Fiber v2.52.9                   │ 
 │               http://127.0.0.1:4000               │ 
 │       (bound on host 0.0.0.0 and port 4000)       │ 
 │                                                   │ 
 │ Handlers ............ 10  Processes ........... 1 │ 
 │ Prefork ....... Disabled  PID .............. 8168 │ 
 └───────────────────────────────────────────────────┘ 

cmd/api/main.go has changed
building...
running...

 ┌───────────────────────────────────────────────────┐ 
 │                   Fiber v2.52.9                   │ 
 │               http://127.0.0.1:4000               │ 
 │       (bound on host 0.0.0.0 and port 4000)       │ 
 │                                                   │ 
 │ Handlers ............ 10  Processes ........... 1 │ 
 │ Prefork ....... Disabled  PID .............. 9367 │ 
 └───────────────────────────────────────────────────┘ 

internal/routes/file.go has changed
building...
running...

 ┌───────────────────────────────────────────────────┐ 
 │                   Fiber v2.52.9                   │ 
 │               http://127.0.0.1:4000               │ 
 │       (bound on host 0.0.0.0 and port 4000)       │ 
 │                                                   │ 
 │ Handlers ............ 10  Processes ........... 1 │ 
 │ Prefork ....... Disabled  PID ............. 15684 │ 
 └───────────────────────────────────────────────────┘ 

internal/routes/file.go has changed
building...
running...

 ┌───────────────────────────────────────────────────┐ 
 │                   Fiber v2.52.9                   │ 
 │               http://127.0.0.1:4000               │ 
 │       (bound on host 0.0.0.0 and port 4000)       │ 
 │                                                   │ 
 │ Handlers ............ 10  Processes ........... 1 │ 
 │ Prefork ....... Disabled  PID ............. 16528 │ 
 └───────────────────────────────────────────────────┘ 

internal/routes/file.go has changed
building...
running...

 ┌───────────────────────────────────────────────────┐ 
 │                   Fiber v2.52.9                   │ 
 │               http://127.0.0.1:4000               │ 
 │       (bound on host 0.0.0.0 and port 4000)       │ 
 │                                                   │ 
 │ Handlers ............ 10  Processes ........... 1 │ 
 │ Prefork ....... Disabled  PID ............. 16896 │ 
 └───────────────────────────────────────────────────┘ 

internal/handlers/file.go has changed
building...
running...

 ┌───────────────────────────────────────────────────┐ 
 │                   Fiber v2.52.9                   │ 
 │               http://127.0.0.1:4000               │ 
 │       (bound on host 0.0.0.0 and port 4000)       │ 
 │                                                   │ 
 │ Handlers ............ 10  Processes ........... 1 │ 
 │ Prefork ....... Disabled  PID ............. 19143 │ 
 └───────────────────────────────────────────────────┘ 

internal/handlers/file.go has changed
building...
running...

 ┌───────────────────────────────────────────────────┐ 
 │                   Fiber v2.52.9                   │ 
 │               http://127.0.0.1:4000               │ 
 │       (bound on host 0.0.0.0 and port 4000)       │ 
 │                                                   │ 
 │ Handlers ............ 10  Processes ........... 1 │ 
 │ Prefork ....... Disabled  PID ............. 19519 │ 
 └───────────────────────────────────────────────────┘ 

watching internal/presenter
internal/presenter/file.go has changed
building...
running...

 ┌───────────────────────────────────────────────────┐ 
 │                   Fiber v2.52.9                   │ 
 │               http://127.0.0.1:4000               │ 
 │       (bound on host 0.0.0.0 and port 4000)       │ 
 │                                                   │ 
 │ Handlers ............ 10  Processes ........... 1 │ 
 │ Prefork ....... Disabled  PID ............. 20324 │ 
 └───────────────────────────────────────────────────┘ 

internal/presenter/file.go has changed
building...
running...

 ┌───────────────────────────────────────────────────┐ 
 │                   Fiber v2.52.9                   │ 
 │               http://127.0.0.1:4000               │ 
 │       (bound on host 0.0.0.0 and port 4000)       │ 
 │                                                   │ 
 │ Handlers ............ 10  Processes ........... 1 │ 
 │ Prefork ....... Disabled  PID ............. 20664 │ 
 └───────────────────────────────────────────────────┘ 

internal/presenter/file.go has changed
building...
running...

 ┌───────────────────────────────────────────────────┐ 
 │                   Fiber v2.52.9                   │ 
 │               http://127.0.0.1:4000               │ 
 │       (bound on host 0.0.0.0 and port 4000)       │ 
 │                                                   │ 
 │ Handlers ............ 10  Processes ........... 1 │ 
 │ Prefork ....... Disabled  PID ............. 20845 │ 
 └───────────────────────────────────────────────────┘ 

internal/presenter/file.go has changed
building...
running...

 ┌───────────────────────────────────────────────────┐ 
 │                   Fiber v2.52.9                   │ 
 │               http://127.0.0.1:4000               │ 
 │       (bound on host 0.0.0.0 and port 4000)       │ 
 │                                                   │ 
 │ Handlers ............ 10  Processes ........... 1 │ 
 │ Prefork ....... Disabled  PID ............. 26064 │ 
 └───────────────────────────────────────────────────┘ 

internal/presenter/file.go has changed
building...
running...

 ┌───────────────────────────────────────────────────┐ 
 │                   Fiber v2.52.9                   │ 
 │               http://127.0.0.1:4000               │ 
 │       (bound on host 0.0.0.0 and port 4000)       │ 
 │                                                   │ 
 │ Handlers ............ 10  Processes ........... 1 │ 
 │ Prefork ....... Disabled  PID ............. 34156 │ 
 └───────────────────────────────────────────────────┘ 

internal/presenter/file.go has changed
building...
running...

 ┌───────────────────────────────────────────────────┐ 
 │                   Fiber v2.52.9                   │ 
 │               http://127.0.0.1:4000               │ 
 │       (bound on host 0.0.0.0 and port 4000)       │ 
 │                                                   │ 
 │ Handlers ............ 10  Processes ........... 1 │ 
 │ Prefork ....... Disabled  PID ............. 35420 │ 
 └───────────────────────────────────────────────────┘ 

internal/presenter/file.go has changed
building...
running...

 ┌───────────────────────────────────────────────────┐ 
 │                   Fiber v2.52.9                   │ 
 │               http://127.0.0.1:4000               │ 
 │       (bound on host 0.0.0.0 and port 4000)       │ 
 │                                                   │ 
 │ Handlers ............ 10  Processes ........... 1 │ 
 │ Prefork ....... Disabled  PID ............. 36565 │ 
 └───────────────────────────────────────────────────┘ 

internal/presenter/file.go has changed
building...
running...

 ┌───────────────────────────────────────────────────┐ 
 │                   Fiber v2.52.9                   │ 
 │               http://127.0.0.1:4000               │ 
 │       (bound on host 0.0.0.0 and port 4000)       │ 
 │                                                   │ 
 │ Handlers ............ 10  Processes ........... 1 │ 
 │ Prefork ....... Disabled  PID ............. 39288 │ 
 └───────────────────────────────────────────────────┘ 

internal/presenter/file.go has changed
building...
running...

 ┌───────────────────────────────────────────────────┐ 
 │                   Fiber v2.52.9                   │ 
 │               http://127.0.0.1:4000               │ 
 │       (bound on host 0.0.0.0 and port 4000)       │ 
 │                                                   │ 
 │ Handlers ............ 10  Processes ........... 1 │ 
 │ Prefork ....... Disabled  PID ............. 39643 │ 
 └───────────────────────────────────────────────────┘ 

internal/presenter/file.go has changed
building...
running...

 ┌───────────────────────────────────────────────────┐ 
 │                   Fiber v2.52.9                   │ 
 │               http://127.0.0.1:4000               │ 
 │       (bound on host 0.0.0.0 and port 4000)       │ 
 │                                                   │ 
 │ Handlers ............ 10  Processes ........... 1 │ 
 │ Prefork ....... Disabled  PID ............. 43672 │ 
 └───────────────────────────────────────────────────┘ 

internal/handlers/file.go has changed
building...
running...

 ┌───────────────────────────────────────────────────┐ 
 │                   Fiber v2.52.9                   │ 
 │               http://127.0.0.1:4000               │ 
 │       (bound on host 0.0.0.0 and port 4000)       │ 
 │                                                   │ 
 │ Handlers ............ 10  Processes ........... 1 │ 
 │ Prefork ....... Disabled  PID ............. 44364 │ 
 └───────────────────────────────────────────────────┘ 

internal/pkg/constants.go has changed
building...
running...

 ┌───────────────────────────────────────────────────┐ 
 │                   Fiber v2.52.9                   │ 
 │               http://127.0.0.1:4000               │ 
 │       (bound on host 0.0.0.0 and port 4000)       │ 
 │                                                   │ 
 │ Handlers ............ 10  Processes ........... 1 │ 
 │ Prefork ....... Disabled  PID ............. 45262 │ 
 └───────────────────────────────────────────────────┘ 

internal/pkg/constants.go has changed
building...
running...

 ┌───────────────────────────────────────────────────┐ 
 │                   Fiber v2.52.9                   │ 
 │               http://127.0.0.1:4000               │ 
 │       (bound on host 0.0.0.0 and port 4000)       │ 
 │                                                   │ 
 │ Handlers ............ 10  Processes ........... 1 │ 
 │ Prefork ....... Disabled  PID ............. 47660 │ 
 └───────────────────────────────────────────────────┘ 

internal/handlers/file.go has changed
building...
running...

 ┌───────────────────────────────────────────────────┐ 
 │                   Fiber v2.52.9                   │ 
 │               http://127.0.0.1:4000               │ 
 │       (bound on host 0.0.0.0 and port 4000)       │ 
 │                                                   │ 
 │ Handlers ............ 10  Processes ........... 1 │ 
 │ Prefork ....... Disabled  PID ............. 48802 │ 
 └───────────────────────────────────────────────────┘ 

internal/handlers/file.go has changed
building...
running...

 ┌───────────────────────────────────────────────────┐ 
 │                   Fiber v2.52.9                   │ 
 │               http://127.0.0.1:4000               │ 
 │       (bound on host 0.0.0.0 and port 4000)       │ 
 │                                                   │ 
 │ Handlers ............ 10  Processes ........... 1 │ 
 │ Prefork ....... Disabled  PID ............. 49757 │ 
 └───────────────────────────────────────────────────┘ 

cmd/api/main.go has changed
building...
# command-line-arguments
cmd/api/main.go:93:15: undefined: generateRandomURL
cmd/api/main.go:96:33: undefined: FILE_FOLDER
cmd/api/main.go:185:33: undefined: FILE_FOLDER
cmd/api/main.go:262:33: undefined: FILE_FOLDER
failed to build, error: exit status 1
running...

 ┌───────────────────────────────────────────────────┐ 
 │                   Fiber v2.52.9                   │ 
 │               http://127.0.0.1:4000               │ 
 │       (bound on host 0.0.0.0 and port 4000)       │ 
 │                                                   │ 
 │ Handlers ............ 10  Processes ........... 1 │ 
 │ Prefork ....... Disabled  PID ............. 50401 │ 
 └───────────────────────────────────────────────────┘ 

cmd/api/main.go has changed
building...
# command-line-arguments
cmd/api/main.go:38:17: undefined: getEnv
cmd/api/main.go:61:10: undefined: getEnv
cmd/api/main.go:85:15: undefined: generateRandomURL
cmd/api/main.go:88:33: undefined: FILE_FOLDER
cmd/api/main.go:177:33: undefined: FILE_FOLDER
cmd/api/main.go:254:33: undefined: FILE_FOLDER
failed to build, error: exit status 1
running...

 ┌───────────────────────────────────────────────────┐ 
 │                   Fiber v2.52.9                   │ 
 │               http://127.0.0.1:4000               │ 
 │       (bound on host 0.0.0.0 and port 4000)       │ 
 │                                                   │ 
 │ Handlers ............ 10  Processes ........... 1 │ 
 │ Prefork ....... Disabled  PID ............. 50645 │ 
 └───────────────────────────────────────────────────┘ 

internal/pkg/constants.go has changed
building...
# command-line-arguments
cmd/api/main.go:38:17: undefined: getEnv
cmd/api/main.go:61:10: undefined: getEnv
cmd/api/main.go:85:15: undefined: generateRandomURL
cmd/api/main.go:88:33: undefined: FILE_FOLDER
cmd/api/main.go:177:33: undefined: FILE_FOLDER
cmd/api/main.go:254:33: undefined: FILE_FOLDER
failed to build, error: exit status 1
running...

 ┌───────────────────────────────────────────────────┐ 
 │                   Fiber v2.52.9                   │ 
 │               http://127.0.0.1:4000               │ 
 │       (bound on host 0.0.0.0 and port 4000)       │ 
 │                                                   │ 
 │ Handlers ............ 10  Processes ........... 1 │ 
 │ Prefork ....... Disabled  PID ............. 51237 │ 
 └───────────────────────────────────────────────────┘ 

cmd/api/main.go has changed
building...
# command-line-arguments
cmd/api/main.go:38:17: undefined: getEnv
cmd/api/main.go:85:15: undefined: generateRandomURL
cmd/api/main.go:88:33: undefined: FILE_FOLDER
cmd/api/main.go:177:33: undefined: FILE_FOLDER
cmd/api/main.go:254:33: undefined: FILE_FOLDER
failed to build, error: exit status 1
running...

 ┌───────────────────────────────────────────────────┐ 
 │                   Fiber v2.52.9                   │ 
 │               http://127.0.0.1:4000               │ 
 │       (bound on host 0.0.0.0 and port 4000)       │ 
 │                                                   │ 
 │ Handlers ............ 10  Processes ........... 1 │ 
 │ Prefork ....... Disabled  PID ............. 51497 │ 
 └───────────────────────────────────────────────────┘ 

cmd/api/main.go has changed
building...
# command-line-arguments
cmd/api/main.go:38:17: undefined: getEnv
cmd/api/main.go:84:15: undefined: generateRandomURL
cmd/api/main.go:87:33: undefined: FILE_FOLDER
cmd/api/main.go:176:33: undefined: FILE_FOLDER
cmd/api/main.go:253:33: undefined: FILE_FOLDER
failed to build, error: exit status 1
running...

 ┌───────────────────────────────────────────────────┐ 
 │                   Fiber v2.52.9                   │ 
 │               http://127.0.0.1:4000               │ 
 │       (bound on host 0.0.0.0 and port 4000)       │ 
 │                                                   │ 
 │ Handlers ............ 10  Processes ........... 1 │ 
 │ Prefork ....... Disabled  PID ............. 51928 │ 
 └───────────────────────────────────────────────────┘ 

internal/pkg/constants.go has changed
building...
# cthulhu-gateway/internal/pkg
internal/pkg/constants.go:6:61: syntax error: unexpected newline in argument list; possibly missing comma or )
failed to build, error: exit status 1
running...

 ┌───────────────────────────────────────────────────┐ 
 │                   Fiber v2.52.9                   │ 
 │               http://127.0.0.1:4000               │ 
 │       (bound on host 0.0.0.0 and port 4000)       │ 
 │                                                   │ 
 │ Handlers ............ 10  Processes ........... 1 │ 
 │ Prefork ....... Disabled  PID ............. 52469 │ 
 └───────────────────────────────────────────────────┘ 

internal/pkg/constants.go has changed
building...
# command-line-arguments
cmd/api/main.go:38:17: undefined: getEnv
cmd/api/main.go:84:15: undefined: generateRandomURL
cmd/api/main.go:87:33: undefined: FILE_FOLDER
cmd/api/main.go:176:33: undefined: FILE_FOLDER
cmd/api/main.go:253:33: undefined: FILE_FOLDER
failed to build, error: exit status 1
running...

 ┌───────────────────────────────────────────────────┐ 
 │                   Fiber v2.52.9                   │ 
 │               http://127.0.0.1:4000               │ 
 │       (bound on host 0.0.0.0 and port 4000)       │ 
 │                                                   │ 
 │ Handlers ............ 10  Processes ........... 1 │ 
 │ Prefork ....... Disabled  PID ............. 52560 │ 
 └───────────────────────────────────────────────────┘ 

cmd/api/main.go has changed
building...
# command-line-arguments
cmd/api/main.go:84:15: undefined: generateRandomURL
cmd/api/main.go:87:33: undefined: FILE_FOLDER
cmd/api/main.go:176:33: undefined: FILE_FOLDER
cmd/api/main.go:253:33: undefined: FILE_FOLDER
failed to build, error: exit status 1
running...

 ┌───────────────────────────────────────────────────┐ 
 │                   Fiber v2.52.9                   │ 
 │               http://127.0.0.1:4000               │ 
 │       (bound on host 0.0.0.0 and port 4000)       │ 
 │                                                   │ 
 │ Handlers ............ 10  Processes ........... 1 │ 
 │ Prefork ....... Disabled  PID ............. 52819 │ 
 └───────────────────────────────────────────────────┘ 

internal/handlers/file.go has changed
building...
# command-line-arguments
cmd/api/main.go:84:15: undefined: generateRandomURL
cmd/api/main.go:87:33: undefined: FILE_FOLDER
cmd/api/main.go:176:33: undefined: FILE_FOLDER
cmd/api/main.go:253:33: undefined: FILE_FOLDER
failed to build, error: exit status 1
running...

 ┌───────────────────────────────────────────────────┐ 
 │                   Fiber v2.52.9                   │ 
 │               http://127.0.0.1:4000               │ 
 │       (bound on host 0.0.0.0 and port 4000)       │ 
 │                                                   │ 
 │ Handlers ............ 10  Processes ........... 1 │ 
 │ Prefork ....... Disabled  PID ............. 53547 │ 
 └───────────────────────────────────────────────────┘ 

internal/handlers/file.go has changed
building...
# command-line-arguments
cmd/api/main.go:84:15: undefined: generateRandomURL
cmd/api/main.go:87:33: undefined: FILE_FOLDER
cmd/api/main.go:176:33: undefined: FILE_FOLDER
cmd/api/main.go:253:33: undefined: FILE_FOLDER
failed to build, error: exit status 1
running...

 ┌───────────────────────────────────────────────────┐ 
 │                   Fiber v2.52.9                   │ 
 │               http://127.0.0.1:4000               │ 
 │       (bound on host 0.0.0.0 and port 4000)       │ 
 │                                                   │ 
 │ Handlers ............ 10  Processes ........... 1 │ 
 │ Prefork ....... Disabled  PID ............. 53946 │ 
 └───────────────────────────────────────────────────┘ 

internal/handlers/file.go has changed
building...
# command-line-arguments
cmd/api/main.go:84:15: undefined: generateRandomURL
cmd/api/main.go:87:33: undefined: FILE_FOLDER
cmd/api/main.go:176:33: undefined: FILE_FOLDER
cmd/api/main.go:253:33: undefined: FILE_FOLDER
failed to build, error: exit status 1
running...

 ┌───────────────────────────────────────────────────┐ 
 │                   Fiber v2.52.9                   │ 
 │               http://127.0.0.1:4000               │ 
 │       (bound on host 0.0.0.0 and port 4000)       │ 
 │                                                   │ 
 │ Handlers ............ 10  Processes ........... 1 │ 
 │ Prefork ....... Disabled  PID ............. 54096 │ 
 └───────────────────────────────────────────────────┘ 

internal/handlers/file.go has changed
building...
# command-line-arguments
cmd/api/main.go:84:15: undefined: generateRandomURL
cmd/api/main.go:87:33: undefined: FILE_FOLDER
cmd/api/main.go:176:33: undefined: FILE_FOLDER
cmd/api/main.go:253:33: undefined: FILE_FOLDER
failed to build, error: exit status 1
running...

 ┌───────────────────────────────────────────────────┐ 
 │                   Fiber v2.52.9                   │ 
 │               http://127.0.0.1:4000               │ 
 │       (bound on host 0.0.0.0 and port 4000)       │ 
 │                                                   │ 
 │ Handlers ............ 10  Processes ........... 1 │ 
 │ Prefork ....... Disabled  PID ............. 54444 │ 
 └───────────────────────────────────────────────────┘ 

internal/handlers/file.go has changed
building...
# command-line-arguments
cmd/api/main.go:84:15: undefined: generateRandomURL
cmd/api/main.go:87:33: undefined: FILE_FOLDER
cmd/api/main.go:176:33: undefined: FILE_FOLDER
cmd/api/main.go:253:33: undefined: FILE_FOLDER
failed to build, error: exit status 1
running...

 ┌───────────────────────────────────────────────────┐ 
 │                   Fiber v2.52.9                   │ 
 │               http://127.0.0.1:4000               │ 
 │       (bound on host 0.0.0.0 and port 4000)       │ 
 │                                                   │ 
 │ Handlers ............ 10  Processes ........... 1 │ 
 │ Prefork ....... Disabled  PID ............. 55008 │ 
 └───────────────────────────────────────────────────┘ 

internal/handlers/file.go has changed
building...
# command-line-arguments
cmd/api/main.go:84:15: undefined: generateRandomURL
cmd/api/main.go:87:33: undefined: FILE_FOLDER
cmd/api/main.go:176:33: undefined: FILE_FOLDER
cmd/api/main.go:253:33: undefined: FILE_FOLDER
failed to build, error: exit status 1
running...

 ┌───────────────────────────────────────────────────┐ 
 │                   Fiber v2.52.9                   │ 
 │               http://127.0.0.1:4000               │ 
 │       (bound on host 0.0.0.0 and port 4000)       │ 
 │                                                   │ 
 │ Handlers ............ 10  Processes ........... 1 │ 
 │ Prefork ....... Disabled  PID ............. 55534 │ 
 └───────────────────────────────────────────────────┘ 

internal/handlers/file.go has changed
building...
# command-line-arguments
cmd/api/main.go:84:15: undefined: generateRandomURL
cmd/api/main.go:87:33: undefined: FILE_FOLDER
cmd/api/main.go:176:33: undefined: FILE_FOLDER
cmd/api/main.go:253:33: undefined: FILE_FOLDER
failed to build, error: exit status 1
running...

 ┌───────────────────────────────────────────────────┐ 
 │                   Fiber v2.52.9                   │ 
 │               http://127.0.0.1:4000               │ 
 │       (bound on host 0.0.0.0 and port 4000)       │ 
 │                                                   │ 
 │ Handlers ............ 10  Processes ........... 1 │ 
 │ Prefork ....... Disabled  PID ............. 56274 │ 
 └───────────────────────────────────────────────────┘ 

internal/handlers/file.go has changed
building...
# command-line-arguments
cmd/api/main.go:84:15: undefined: generateRandomURL
cmd/api/main.go:87:33: undefined: FILE_FOLDER
cmd/api/main.go:176:33: undefined: FILE_FOLDER
cmd/api/main.go:253:33: undefined: FILE_FOLDER
failed to build, error: exit status 1
running...

 ┌───────────────────────────────────────────────────┐ 
 │                   Fiber v2.52.9                   │ 
 │               http://127.0.0.1:4000               │ 
 │       (bound on host 0.0.0.0 and port 4000)       │ 
 │                                                   │ 
 │ Handlers ............ 10  Processes ........... 1 │ 
 │ Prefork ....... Disabled  PID ............. 56705 │ 
 └───────────────────────────────────────────────────┘ 

internal/handlers/file.go has changed
building...
# command-line-arguments
cmd/api/main.go:84:15: undefined: generateRandomURL
cmd/api/main.go:87:33: undefined: FILE_FOLDER
cmd/api/main.go:176:33: undefined: FILE_FOLDER
cmd/api/main.go:253:33: undefined: FILE_FOLDER
failed to build, error: exit status 1
running...

 ┌───────────────────────────────────────────────────┐ 
 │                   Fiber v2.52.9                   │ 
 │               http://127.0.0.1:4000               │ 
 │       (bound on host 0.0.0.0 and port 4000)       │ 
 │                                                   │ 
 │ Handlers ............ 10  Processes ........... 1 │ 
 │ Prefork ....... Disabled  PID ............. 57734 │ 
 └───────────────────────────────────────────────────┘ 

internal/handlers/file.go has changed
building...
# command-line-arguments
cmd/api/main.go:84:15: undefined: generateRandomURL
cmd/api/main.go:87:33: undefined: FILE_FOLDER
cmd/api/main.go:176:33: undefined: FILE_FOLDER
cmd/api/main.go:253:33: undefined: FILE_FOLDER
failed to build, error: exit status 1
running...

 ┌───────────────────────────────────────────────────┐ 
 │                   Fiber v2.52.9                   │ 
 │               http://127.0.0.1:4000               │ 
 │       (bound on host 0.0.0.0 and port 4000)       │ 
 │                                                   │ 
 │ Handlers ............ 10  Processes ........... 1 │ 
 │ Prefork ....... Disabled  PID ............. 58069 │ 
 └───────────────────────────────────────────────────┘ 

internal/handlers/file.go has changed
building...
# command-line-arguments
cmd/api/main.go:84:15: undefined: generateRandomURL
cmd/api/main.go:87:33: undefined: FILE_FOLDER
cmd/api/main.go:176:33: undefined: FILE_FOLDER
cmd/api/main.go:253:33: undefined: FILE_FOLDER
failed to build, error: exit status 1
running...

 ┌───────────────────────────────────────────────────┐ 
 │                   Fiber v2.52.9                   │ 
 │               http://127.0.0.1:4000               │ 
 │       (bound on host 0.0.0.0 and port 4000)       │ 
 │                                                   │ 
 │ Handlers ............ 10  Processes ........... 1 │ 
 │ Prefork ....... Disabled  PID ............. 58372 │ 
 └───────────────────────────────────────────────────┘ 

internal/handlers/file.go has changed
building...
# command-line-arguments
cmd/api/main.go:84:15: undefined: generateRandomURL
cmd/api/main.go:87:33: undefined: FILE_FOLDER
cmd/api/main.go:176:33: undefined: FILE_FOLDER
cmd/api/main.go:253:33: undefined: FILE_FOLDER
failed to build, error: exit status 1
running...

 ┌───────────────────────────────────────────────────┐ 
 │                   Fiber v2.52.9                   │ 
 │               http://127.0.0.1:4000               │ 
 │       (bound on host 0.0.0.0 and port 4000)       │ 
 │                                                   │ 
 │ Handlers ............ 10  Processes ........... 1 │ 
 │ Prefork ....... Disabled  PID ............. 58925 │ 
 └───────────────────────────────────────────────────┘ 

cmd/api/main.go has changed
building...
# command-line-arguments
cmd/api/main.go:84:15: undefined: generateRandomURL
cmd/api/main.go:87:33: undefined: FILE_FOLDER
cmd/api/main.go:176:33: undefined: FILE_FOLDER
cmd/api/main.go:253:33: undefined: FILE_FOLDER
failed to build, error: exit status 1
running...

 ┌───────────────────────────────────────────────────┐ 
 │                   Fiber v2.52.9                   │ 
 │               http://127.0.0.1:4000               │ 
 │       (bound on host 0.0.0.0 and port 4000)       │ 
 │                                                   │ 
 │ Handlers ............ 10  Processes ........... 1 │ 
 │ Prefork ....... Disabled  PID ............. 60738 │ 
 └───────────────────────────────────────────────────┘ 

internal/handlers/file.go has changed
building...
# command-line-arguments
cmd/api/main.go:84:15: undefined: generateRandomURL
cmd/api/main.go:87:33: undefined: FILE_FOLDER
cmd/api/main.go:176:33: undefined: FILE_FOLDER
cmd/api/main.go:253:33: undefined: FILE_FOLDER
failed to build, error: exit status 1
running...

 ┌───────────────────────────────────────────────────┐ 
 │                   Fiber v2.52.9                   │ 
 │               http://127.0.0.1:4000               │ 
 │       (bound on host 0.0.0.0 and port 4000)       │ 
 │                                                   │ 
 │ Handlers ............ 10  Processes ........... 1 │ 
 │ Prefork ....... Disabled  PID ............. 62280 │ 
 └───────────────────────────────────────────────────┘ 

internal/handlers/file.go has changed
building...
# command-line-arguments
cmd/api/main.go:84:15: undefined: generateRandomURL
cmd/api/main.go:87:33: undefined: FILE_FOLDER
cmd/api/main.go:176:33: undefined: FILE_FOLDER
cmd/api/main.go:253:33: undefined: FILE_FOLDER
failed to build, error: exit status 1
running...

 ┌───────────────────────────────────────────────────┐ 
 │                   Fiber v2.52.9                   │ 
 │               http://127.0.0.1:4000               │ 
 │       (bound on host 0.0.0.0 and port 4000)       │ 
 │                                                   │ 
 │ Handlers ............ 10  Processes ........... 1 │ 
 │ Prefork ....... Disabled  PID ............. 62976 │ 
 └───────────────────────────────────────────────────┘ 

internal/handlers/file.go has changed
building...
# command-line-arguments
cmd/api/main.go:84:15: undefined: generateRandomURL
cmd/api/main.go:87:33: undefined: FILE_FOLDER
cmd/api/main.go:176:33: undefined: FILE_FOLDER
cmd/api/main.go:253:33: undefined: FILE_FOLDER
failed to build, error: exit status 1
running...

 ┌───────────────────────────────────────────────────┐ 
 │                   Fiber v2.52.9                   │ 
 │               http://127.0.0.1:4000               │ 
 │       (bound on host 0.0.0.0 and port 4000)       │ 
 │                                                   │ 
 │ Handlers ............ 10  Processes ........... 1 │ 
 │ Prefork ....... Disabled  PID ............. 63120 │ 
 └───────────────────────────────────────────────────┘ 

internal/handlers/file.go has changed
building...
# command-line-arguments
cmd/api/main.go:84:15: undefined: generateRandomURL
cmd/api/main.go:87:33: undefined: FILE_FOLDER
cmd/api/main.go:176:33: undefined: FILE_FOLDER
cmd/api/main.go:253:33: undefined: FILE_FOLDER
failed to build, error: exit status 1
running...

 ┌───────────────────────────────────────────────────┐ 
 │                   Fiber v2.52.9                   │ 
 │               http://127.0.0.1:4000               │ 
 │       (bound on host 0.0.0.0 and port 4000)       │ 
 │                                                   │ 
 │ Handlers ............ 10  Processes ........... 1 │ 
 │ Prefork ....... Disabled  PID ............. 63287 │ 
 └───────────────────────────────────────────────────┘ 

internal/handlers/file.go has changed
building...
# command-line-arguments
cmd/api/main.go:84:15: undefined: generateRandomURL
cmd/api/main.go:87:33: undefined: FILE_FOLDER
cmd/api/main.go:176:33: undefined: FILE_FOLDER
cmd/api/main.go:253:33: undefined: FILE_FOLDER
failed to build, error: exit status 1
running...

 ┌───────────────────────────────────────────────────┐ 
 │                   Fiber v2.52.9                   │ 
 │               http://127.0.0.1:4000               │ 
 │       (bound on host 0.0.0.0 and port 4000)       │ 
 │                                                   │ 
 │ Handlers ............ 10  Processes ........... 1 │ 
 │ Prefork ....... Disabled  PID ............. 63382 │ 
 └───────────────────────────────────────────────────┘ 

internal/handlers/file.go has changed
building...
# command-line-arguments
cmd/api/main.go:84:15: undefined: generateRandomURL
cmd/api/main.go:87:33: undefined: FILE_FOLDER
cmd/api/main.go:176:33: undefined: FILE_FOLDER
cmd/api/main.go:253:33: undefined: FILE_FOLDER
failed to build, error: exit status 1
running...

 ┌───────────────────────────────────────────────────┐ 
 │                   Fiber v2.52.9                   │ 
 │               http://127.0.0.1:4000               │ 
 │       (bound on host 0.0.0.0 and port 4000)       │ 
 │                                                   │ 
 │ Handlers ............ 10  Processes ........... 1 │ 
 │ Prefork ....... Disabled  PID ............. 63504 │ 
 └───────────────────────────────────────────────────┘ 

internal/handlers/file.go has changed
building...
# command-line-arguments
cmd/api/main.go:84:15: undefined: generateRandomURL
cmd/api/main.go:87:33: undefined: FILE_FOLDER
cmd/api/main.go:176:33: undefined: FILE_FOLDER
cmd/api/main.go:253:33: undefined: FILE_FOLDER
failed to build, error: exit status 1
running...

 ┌───────────────────────────────────────────────────┐ 
 │                   Fiber v2.52.9                   │ 
 │               http://127.0.0.1:4000               │ 
 │       (bound on host 0.0.0.0 and port 4000)       │ 
 │                                                   │ 
 │ Handlers ............ 10  Processes ........... 1 │ 
 │ Prefork ....... Disabled  PID ............. 63570 │ 
 └───────────────────────────────────────────────────┘ 

internal/handlers/file.go has changed
building...
# command-line-arguments
cmd/api/main.go:84:15: undefined: generateRandomURL
cmd/api/main.go:87:33: undefined: FILE_FOLDER
cmd/api/main.go:176:33: undefined: FILE_FOLDER
cmd/api/main.go:253:33: undefined: FILE_FOLDER
failed to build, error: exit status 1
running...

 ┌───────────────────────────────────────────────────┐ 
 │                   Fiber v2.52.9                   │ 
 │               http://127.0.0.1:4000               │ 
 │       (bound on host 0.0.0.0 and port 4000)       │ 
 │                                                   │ 
 │ Handlers ............ 10  Processes ........... 1 │ 
 │ Prefork ....... Disabled  PID ............. 63607 │ 
 └───────────────────────────────────────────────────┘ 

internal/handlers/file.go has changed
building...
# command-line-arguments
cmd/api/main.go:84:15: undefined: generateRandomURL
cmd/api/main.go:87:33: undefined: FILE_FOLDER
cmd/api/main.go:176:33: undefined: FILE_FOLDER
cmd/api/main.go:253:33: undefined: FILE_FOLDER
failed to build, error: exit status 1
running...

 ┌───────────────────────────────────────────────────┐ 
 │                   Fiber v2.52.9                   │ 
 │               http://127.0.0.1:4000               │ 
 │       (bound on host 0.0.0.0 and port 4000)       │ 
 │                                                   │ 
 │ Handlers ............ 10  Processes ........... 1 │ 
 │ Prefork ....... Disabled  PID ............. 63647 │ 
 └───────────────────────────────────────────────────┘ 

internal/handlers/file.go has changed
building...
# command-line-arguments
cmd/api/main.go:84:15: undefined: generateRandomURL
cmd/api/main.go:87:33: undefined: FILE_FOLDER
cmd/api/main.go:176:33: undefined: FILE_FOLDER
cmd/api/main.go:253:33: undefined: FILE_FOLDER
failed to build, error: exit status 1
running...

 ┌───────────────────────────────────────────────────┐ 
 │                   Fiber v2.52.9                   │ 
 │               http://127.0.0.1:4000               │ 
 │       (bound on host 0.0.0.0 and port 4000)       │ 
 │                                                   │ 
 │ Handlers ............ 10  Processes ........... 1 │ 
 │ Prefork ....... Disabled  PID ............. 64965 │ 
 └───────────────────────────────────────────────────┘ 

cmd/api/main.go has changed
building...
# command-line-arguments
cmd/api/main.go:55:22: undefined: handleFileUpload
cmd/api/main.go:85:33: undefined: FILE_FOLDER
cmd/api/main.go:162:33: undefined: FILE_FOLDER
failed to build, error: exit status 1
running...

 ┌───────────────────────────────────────────────────┐ 
 │                   Fiber v2.52.9                   │ 
 │               http://127.0.0.1:4000               │ 
 │       (bound on host 0.0.0.0 and port 4000)       │ 
 │                                                   │ 
 │ Handlers ............ 10  Processes ........... 1 │ 
 │ Prefork ....... Disabled  PID ............. 65619 │ 
 └───────────────────────────────────────────────────┘ 

